extDB2: Version: 65
extDB2: https://github.com/Torndeco/extDB2
extDB2: Windows Debug Version

Message: All development for extDB2 is done on a Linux Dedicated Server
Message: If you would like to Donate to extDB2 Development
Message: https://www.paypal.com/cgi-bin/webscr?cmd=_s-xclick&hosted_button_id=2SUEFTGABTAM2
Message: Also leave a message if there is any particular feature you would like to see added.
Message: Thanks for all the people that have donated.
Message: Torndeco: 20/02/15


extDB2: Found extdb-conf.ini
extDB2: Detected 8 Cores, Setting up 6 Worker Threads


[21:44:11:764576 --4:00] [Thread 8724] extDB2: Input from Server: 9:VERSION
[21:44:11:765574 --4:00] [Thread 8724] extDB2: Output to Server: 65
[21:44:11:765574 --4:00] [Thread 8724] extDB2: Input from Server: 9:ADD_DATABASE:exile
[21:44:11:765574 --4:00] [Thread 8724] extDB2: Database Type: MySQL
[21:44:11:766575 --4:00] [Thread 8724] extDB2: Database Session Pool Started
[21:44:11:766575 --4:00] [Thread 8724] extDB2: Output to Server: [1]
[21:44:11:766575 --4:00] [Thread 8724] extDB2: Input from Server: 9:ADD_DATABASE_PROTOCOL:exile:SQL_CUSTOM_V2:813704:exile
[21:44:11:767575 --4:00] [Thread 8724] extDB2: SQL_CUSTOM_V2: Loading Template Filename: F:\SteamLibrary\SteamApps\common\Arma 3\@ExileServer\extDB\sql_custom_v2\exile.ini
[21:44:11:767575 --4:00] [Thread 8724] extDB2: SQL_CUSTOM_V2: Version 8 Detected, Latest Version 12 Available
[21:44:11:768576 --4:00] [Thread 8724] extDB2: Output to Server: [1]
[21:44:11:768576 --4:00] [Thread 8724] extDB2: Input from Server: 9:TIME
[21:44:11:768576 --4:00] [Thread 8724] extDB2: Output to Server: [1,[2015, 9, 03, 01, 44]]
[21:44:11:768576 --4:00] [Thread 8724] extDB2: Input from Server: 9:LOCK
[21:44:11:768576 --4:00] [Thread 8724] extDB2: Output to Server: [1]
[21:44:11:908648 --4:00] [Thread 8724] extDB2: Input from Server: 0:813704:loadTerriotryIdPage:0:100
[21:44:11:908648 --4:00] [Thread 8724] extDB2: SQL_CUSTOM_V2: Trace: UniqueID: 1 Input: loadTerriotryIdPage:0:100
[21:44:11:908648 --4:00] [Thread 8724] extDB2: SQL_CUSTOM_V2: Trace: UniqueID: 1 Result: [1,[]]
[21:44:11:908648 --4:00] [Thread 8724] extDB2: Output to Server: [1,[]]
[21:44:11:909648 --4:00] [Thread 8724] extDB2: Input from Server: 0:813704:loadConstructionIdPage:0:100
[21:44:11:909648 --4:00] [Thread 8724] extDB2: SQL_CUSTOM_V2: Trace: UniqueID: 1 Input: loadConstructionIdPage:0:100
[21:44:11:909648 --4:00] [Thread 8724] extDB2: SQL_CUSTOM_V2: Trace: UniqueID: 1 Result: [1,[]]
[21:44:11:909648 --4:00] [Thread 8724] extDB2: Output to Server: [1,[]]
[21:44:11:909648 --4:00] [Thread 8724] extDB2: Input from Server: 0:813704:loadVehicleIdPage:0:100
[21:44:11:909648 --4:00] [Thread 8724] extDB2: SQL_CUSTOM_V2: Trace: UniqueID: 1 Input: loadVehicleIdPage:0:100
[21:44:11:909648 --4:00] [Thread 8724] extDB2: SQL_CUSTOM_V2: Trace: UniqueID: 1 Result: [1,[]]
[21:44:11:909648 --4:00] [Thread 8724] extDB2: Output to Server: [1,[]]
[21:44:11:909648 --4:00] [Thread 8724] extDB2: Input from Server: 0:813704:loadContainerIdPage:0:100
[21:44:11:909648 --4:00] [Thread 8724] extDB2: SQL_CUSTOM_V2: Trace: UniqueID: 1 Input: loadContainerIdPage:0:100
[21:44:11:910648 --4:00] [Thread 8724] extDB2: SQL_CUSTOM_V2: Trace: UniqueID: 1 Result: [1,[]]
[21:44:11:910648 --4:00] [Thread 8724] extDB2: Output to Server: [1,[]]
[21:44:23:748573 --4:00] [Thread 8724] extDB2: Input from Server: 9:TIME
[21:44:23:748573 --4:00] [Thread 8724] extDB2: Output to Server: [1,[2015, 9, 03, 01, 44]]
[21:45:07:420232 --4:00] [Thread 8724] extDB2: Input from Server: 0:813704:isKnownAccount:76561198116813162
[21:45:07:420232 --4:00] [Thread 8724] extDB2: SQL_CUSTOM_V2: Trace: UniqueID: 1 Input: isKnownAccount:76561198116813162
[21:45:07:421233 --4:00] [Thread 8724] extDB2: SQL_CUSTOM_V2: Trace: UniqueID: 1 Result: [1,[[true]]]
[21:45:07:421233 --4:00] [Thread 8724] extDB2: Output to Server: [1,[[true]]]
[21:45:07:421233 --4:00] [Thread 8724] extDB2: Input from Server: 1:813704:startAccountSession:76561198116813162:Derek
[21:45:07:421233 --4:00] [Thread 8724] extDB2: Output to Server: 
[21:45:07:421233 --4:00] [Thread 11160] extDB2: SQL_CUSTOM_V2: Trace: UniqueID: 1 Input: startAccountSession:76561198116813162:Derek
[21:45:07:423234 --4:00] [Thread 11160] extDB2: SQL_CUSTOM_V2: Trace: UniqueID: 1 Result: [1,[]]
[21:45:10:450749 --4:00] [Thread 8724] extDB2: Input from Server: 0:813704:hasAlivePlayer:76561198116813162
[21:45:10:450749 --4:00] [Thread 8724] extDB2: SQL_CUSTOM_V2: Trace: UniqueID: 1 Input: hasAlivePlayer:76561198116813162
[21:45:10:450749 --4:00] [Thread 8724] extDB2: SQL_CUSTOM_V2: Trace: UniqueID: 1 Result: [1,[[true]]]
[21:45:10:450749 --4:00] [Thread 8724] extDB2: Output to Server: [1,[[true]]]
[21:45:10:604827 --4:00] [Thread 8724] extDB2: Input from Server: 0:813704:loadPlayer:76561198116813162
[21:45:10:604827 --4:00] [Thread 8724] extDB2: SQL_CUSTOM_V2: Trace: UniqueID: 1 Input: loadPlayer:76561198116813162
[21:45:10:605827 --4:00] [Thread 8724] extDB2: SQL_CUSTOM_V2: Trace: UniqueID: 1 Result: [1,[[1,"Derek","76561198116813162",1,0,0,100,100,0,1,0,0,0,0,0,16.5025,8612.53,18272.3,0,["ItemMap","ItemCompass","Exile_Item_XM8","ItemRadio"],"",[],[],[],"","G_Combat",["","","",""],"","","",[],"",["","","",""],"",["","","",""],"Exile_Uniform_BambiOverall",[],[["Exile_Item_PlasticBottleFreshWater",1]],[],"",[],[],[],0,0,0,0,"",""]]]
[21:45:10:605827 --4:00] [Thread 8724] extDB2: Output to Server: [1,[[1,"Derek","76561198116813162",1,0,0,100,100,0,1,0,0,0,0,0,16.5025,8612.53,18272.3,0,["ItemMap","ItemCompass","Exile_Item_XM8","ItemRadio"],"",[],[],[],"","G_Combat",["","","",""],"","","",[],"",["","","",""],"",["","","",""],"Exile_Uniform_BambiOverall",[],[["Exile_Item_PlasticBottleFreshWater",1]],[],"",[],[],[],0,0,0,0,"",""]]]
[21:52:25:923961 --4:00] [Thread 8724] extDB2: Stopping ...
