extDB2: Version: 65
extDB2: https://github.com/Torndeco/extDB2
extDB2: Windows Debug Version

Message: All development for extDB2 is done on a Linux Dedicated Server
Message: If you would like to Donate to extDB2 Development
Message: https://www.paypal.com/cgi-bin/webscr?cmd=_s-xclick&hosted_button_id=2SUEFTGABTAM2
Message: Also leave a message if there is any particular feature you would like to see added.
Message: Thanks for all the people that have donated.
Message: Torndeco: 20/02/15


extDB2: Found extdb-conf.ini
extDB2: Detected 8 Cores, Setting up 6 Worker Threads


[23:18:42:834776 --4:00] [Thread 6344] extDB2: Input from Server: 9:VERSION
[23:18:42:834776 --4:00] [Thread 6344] extDB2: Output to Server: 65
[23:18:42:834776 --4:00] [Thread 6344] extDB2: Input from Server: 9:ADD_DATABASE:exile
[23:18:42:834776 --4:00] [Thread 6344] extDB2: Database Type: MySQL
[23:18:42:836778 --4:00] [Thread 6344] extDB2: Database Session Pool Started
[23:18:42:836778 --4:00] [Thread 6344] extDB2: Output to Server: [1]
[23:18:42:836778 --4:00] [Thread 6344] extDB2: Input from Server: 9:ADD_DATABASE_PROTOCOL:exile:SQL_CUSTOM_V2:928064:exile
[23:18:42:837778 --4:00] [Thread 6344] extDB2: SQL_CUSTOM_V2: Loading Template Filename: F:\SteamLibrary\SteamApps\common\Arma 3\@ExileServer\extDB\sql_custom_v2\exile.ini
[23:18:42:837778 --4:00] [Thread 6344] extDB2: SQL_CUSTOM_V2: Version 8 Detected, Latest Version 12 Available
[23:18:42:838778 --4:00] [Thread 6344] extDB2: Output to Server: [1]
[23:18:42:838778 --4:00] [Thread 6344] extDB2: Input from Server: 9:TIME
[23:18:42:838778 --4:00] [Thread 6344] extDB2: Output to Server: [1,[2015, 9, 03, 03, 18]]
[23:18:42:838778 --4:00] [Thread 6344] extDB2: Input from Server: 9:LOCK
[23:18:42:838778 --4:00] [Thread 6344] extDB2: Output to Server: [1]
[23:18:42:998859 --4:00] [Thread 6344] extDB2: Input from Server: 0:928064:loadTerriotryIdPage:0:100
[23:18:42:998859 --4:00] [Thread 6344] extDB2: SQL_CUSTOM_V2: Trace: UniqueID: 1 Input: loadTerriotryIdPage:0:100
[23:18:42:998859 --4:00] [Thread 6344] extDB2: SQL_CUSTOM_V2: Trace: UniqueID: 1 Result: [1,[]]
[23:18:42:998859 --4:00] [Thread 6344] extDB2: Output to Server: [1,[]]
[23:18:42:998859 --4:00] [Thread 6344] extDB2: Input from Server: 0:928064:loadConstructionIdPage:0:100
[23:18:42:998859 --4:00] [Thread 6344] extDB2: SQL_CUSTOM_V2: Trace: UniqueID: 1 Input: loadConstructionIdPage:0:100
[23:18:42:999859 --4:00] [Thread 6344] extDB2: SQL_CUSTOM_V2: Trace: UniqueID: 1 Result: [1,[]]
[23:18:42:999859 --4:00] [Thread 6344] extDB2: Output to Server: [1,[]]
[23:18:42:999859 --4:00] [Thread 6344] extDB2: Input from Server: 0:928064:loadVehicleIdPage:0:100
[23:18:42:999859 --4:00] [Thread 6344] extDB2: SQL_CUSTOM_V2: Trace: UniqueID: 1 Input: loadVehicleIdPage:0:100
[23:18:42:999859 --4:00] [Thread 6344] extDB2: SQL_CUSTOM_V2: Trace: UniqueID: 1 Result: [1,[]]
[23:18:42:999859 --4:00] [Thread 6344] extDB2: Output to Server: [1,[]]
[23:18:42:999859 --4:00] [Thread 6344] extDB2: Input from Server: 0:928064:loadContainerIdPage:0:100
[23:18:42:999859 --4:00] [Thread 6344] extDB2: SQL_CUSTOM_V2: Trace: UniqueID: 1 Input: loadContainerIdPage:0:100
[23:18:42:999859 --4:00] [Thread 6344] extDB2: SQL_CUSTOM_V2: Trace: UniqueID: 1 Result: [1,[]]
[23:18:42:999859 --4:00] [Thread 6344] extDB2: Output to Server: [1,[]]
[23:18:54:678706 --4:00] [Thread 6344] extDB2: Input from Server: 9:TIME
[23:18:54:678706 --4:00] [Thread 6344] extDB2: Output to Server: [1,[2015, 9, 03, 03, 18]]
[23:19:29:922880 --4:00] [Thread 6344] extDB2: Input from Server: 0:928064:isKnownAccount:76561198116813162
[23:19:29:922880 --4:00] [Thread 6344] extDB2: SQL_CUSTOM_V2: Trace: UniqueID: 1 Input: isKnownAccount:76561198116813162
[23:19:29:922880 --4:00] [Thread 6344] extDB2: SQL_CUSTOM_V2: Trace: UniqueID: 1 Result: [1,[[true]]]
[23:19:29:922880 --4:00] [Thread 6344] extDB2: Output to Server: [1,[[true]]]
[23:19:29:922880 --4:00] [Thread 6344] extDB2: Input from Server: 1:928064:startAccountSession:76561198116813162:Derek
[23:19:29:922880 --4:00] [Thread 6344] extDB2: Output to Server: 
[23:19:29:922880 --4:00] [Thread 4272] extDB2: SQL_CUSTOM_V2: Trace: UniqueID: 1 Input: startAccountSession:76561198116813162:Derek
[23:19:29:924881 --4:00] [Thread 4272] extDB2: SQL_CUSTOM_V2: Trace: UniqueID: 1 Result: [1,[]]
[23:19:32:184013 --4:00] [Thread 6344] extDB2: Input from Server: 0:928064:hasAlivePlayer:76561198116813162
[23:19:32:184013 --4:00] [Thread 6344] extDB2: SQL_CUSTOM_V2: Trace: UniqueID: 1 Input: hasAlivePlayer:76561198116813162
[23:19:32:184013 --4:00] [Thread 6344] extDB2: SQL_CUSTOM_V2: Trace: UniqueID: 1 Result: [1,[[true]]]
[23:19:32:184013 --4:00] [Thread 6344] extDB2: Output to Server: [1,[[true]]]
[23:19:32:360100 --4:00] [Thread 6344] extDB2: Input from Server: 0:928064:loadPlayer:76561198116813162
[23:19:32:360100 --4:00] [Thread 6344] extDB2: SQL_CUSTOM_V2: Trace: UniqueID: 1 Input: loadPlayer:76561198116813162
[23:19:32:361101 --4:00] [Thread 6344] extDB2: SQL_CUSTOM_V2: Trace: UniqueID: 1 Result: [1,[[1,"Derek","76561198116813162",1,0,0,100,100,0,1,0,0,0,0,0,16.5025,8612.53,18272.3,0,["ItemMap","ItemCompass","Exile_Item_XM8","ItemRadio"],"",[],[],[],"","G_Combat",["","","",""],"","","",[],"",["","","",""],"",["","","",""],"Exile_Uniform_BambiOverall",[],[["Exile_Item_PlasticBottleFreshWater",1]],[],"",[],[],[],0,0,0,0,"",""]]]
[23:19:32:361101 --4:00] [Thread 6344] extDB2: Output to Server: [1,[[1,"Derek","76561198116813162",1,0,0,100,100,0,1,0,0,0,0,0,16.5025,8612.53,18272.3,0,["ItemMap","ItemCompass","Exile_Item_XM8","ItemRadio"],"",[],[],[],"","G_Combat",["","","",""],"","","",[],"",["","","",""],"",["","","",""],"Exile_Uniform_BambiOverall",[],[["Exile_Item_PlasticBottleFreshWater",1]],[],"",[],[],[],0,0,0,0,"",""]]]
[23:24:50:752494 --4:00] [Thread 6344] extDB2: Input from Server: 1:928064:updatePlayer:Derek:1:0:0.176059:94.2381:91.2222:0:1:0:0:0:0:0:230.515:8378.68:18220.9:0.00149536:["ItemMap","ItemCompass","Exile_Item_XM8","ItemRadio"]::[]:[]:[]:arifle_Mk20_F:G_Squares_Tinted:["","","",""]::H_HelmetCrew_I::[["30Rnd_556x45_Stanag_Tracer_Red",30]]:arifle_Mk20_F:["","","",""]::["","","",""]:U_B_SpecopsUniform_sgg:[]:[["Exile_Item_PlasticBottleFreshWater",1],["30Rnd_556x45_Stanag_Tracer_Red",30],["30Rnd_556x45_Stanag_Tracer_Red",30],["30Rnd_556x45_Stanag_Tracer_Red",30],["30Rnd_65x39_caseless_green",30]]:[]::[]:[]:[]:1
[23:24:50:752494 --4:00] [Thread 6344] extDB2: Output to Server: 
[23:24:50:752494 --4:00] [Thread 4272] extDB2: SQL_CUSTOM_V2: Trace: UniqueID: 1 Input: updatePlayer:Derek:1:0:0.176059:94.2381:91.2222:0:1:0:0:0:0:0:230.515:8378.68:18220.9:0.00149536:["ItemMap","ItemCompass","Exile_Item_XM8","ItemRadio"]::[]:[]:[]:arifle_Mk20_F:G_Squares_Tinted:["","","",""]::H_HelmetCrew_I::[["30Rnd_556x45_Stanag_Tracer_Red",30]]:arifle_Mk20_F:["","","",""]::["","","",""]:U_B_SpecopsUniform_sgg:[]:[["Exile_Item_PlasticBottleFreshWater",1],["30Rnd_556x45_Stanag_Tracer_Red",30],["30Rnd_556x45_Stanag_Tracer_Red",30],["30Rnd_556x45_Stanag_Tracer_Red",30],["30Rnd_65x39_caseless_green",30]]:[]::[]:[]:[]:1
[23:24:50:755495 --4:00] [Thread 4272] extDB2: SQL_CUSTOM_V2: Trace: UniqueID: 1 Result: [1,[]]
[23:29:56:673642 --4:00] [Thread 6344] extDB2: Input from Server: 1:928064:updatePlayer:Derek:1:0:0:88.5538:82.6288:0:1:0:0:0:0:0:115.635:11218.8:18464.2:0.0270004:["ItemMap","ItemCompass","Exile_Item_XM8","ItemRadio"]::[]:[]:[]:arifle_Mk20_F:G_Squares_Tinted:["","","",""]::H_HelmetCrew_I::[["30Rnd_556x45_Stanag_Tracer_Red",30]]:arifle_Mk20_F:["","","",""]::["","","",""]:U_B_SpecopsUniform_sgg:[]:[["Exile_Item_PlasticBottleFreshWater",1],["30Rnd_556x45_Stanag_Tracer_Red",30],["30Rnd_556x45_Stanag_Tracer_Red",30],["30Rnd_556x45_Stanag_Tracer_Red",30],["30Rnd_65x39_caseless_green",30]]:[]::[]:[]:[]:1
[23:29:56:673642 --4:00] [Thread 6344] extDB2: Output to Server: 
[23:29:56:673642 --4:00] [Thread 4272] extDB2: SQL_CUSTOM_V2: Trace: UniqueID: 1 Input: updatePlayer:Derek:1:0:0:88.5538:82.6288:0:1:0:0:0:0:0:115.635:11218.8:18464.2:0.0270004:["ItemMap","ItemCompass","Exile_Item_XM8","ItemRadio"]::[]:[]:[]:arifle_Mk20_F:G_Squares_Tinted:["","","",""]::H_HelmetCrew_I::[["30Rnd_556x45_Stanag_Tracer_Red",30]]:arifle_Mk20_F:["","","",""]::["","","",""]:U_B_SpecopsUniform_sgg:[]:[["Exile_Item_PlasticBottleFreshWater",1],["30Rnd_556x45_Stanag_Tracer_Red",30],["30Rnd_556x45_Stanag_Tracer_Red",30],["30Rnd_556x45_Stanag_Tracer_Red",30],["30Rnd_65x39_caseless_green",30]]:[]::[]:[]:[]:1
[23:29:56:682648 --4:00] [Thread 4272] extDB2: SQL_CUSTOM_V2: Trace: UniqueID: 1 Result: [1,[]]
[23:34:32:018486 --4:00] [Thread 6344] extDB2: Input from Server: 1:928064:updatePlayer:Derek:1:0.122047:0:82.9933:74.288:0:1:0:0.122047:0.122047:0.122047:0.122047:98.5359:13993.4:17176.3:-0.000370026:["ItemMap","ItemCompass","Exile_Item_XM8","ItemRadio"]::[]:[]:[]:arifle_Mk20_F:G_Squares_Tinted:["","","",""]::H_HelmetCrew_I::[["30Rnd_556x45_Stanag_Tracer_Red",30]]:arifle_Mk20_F:["","","",""]::["","","",""]:U_B_SpecopsUniform_sgg:[]:[["Exile_Item_PlasticBottleFreshWater",1],["30Rnd_556x45_Stanag_Tracer_Red",30],["30Rnd_556x45_Stanag_Tracer_Red",30],["30Rnd_556x45_Stanag_Tracer_Red",30],["30Rnd_65x39_caseless_green",30]]:[]::[]:[]:[]:1
[23:34:32:018486 --4:00] [Thread 6344] extDB2: Output to Server: 
[23:34:32:018486 --4:00] [Thread 4272] extDB2: SQL_CUSTOM_V2: Trace: UniqueID: 1 Input: updatePlayer:Derek:1:0.122047:0:82.9933:74.288:0:1:0:0.122047:0.122047:0.122047:0.122047:98.5359:13993.4:17176.3:-0.000370026:["ItemMap","ItemCompass","Exile_Item_XM8","ItemRadio"]::[]:[]:[]:arifle_Mk20_F:G_Squares_Tinted:["","","",""]::H_HelmetCrew_I::[["30Rnd_556x45_Stanag_Tracer_Red",30]]:arifle_Mk20_F:["","","",""]::["","","",""]:U_B_SpecopsUniform_sgg:[]:[["Exile_Item_PlasticBottleFreshWater",1],["30Rnd_556x45_Stanag_Tracer_Red",30],["30Rnd_556x45_Stanag_Tracer_Red",30],["30Rnd_556x45_Stanag_Tracer_Red",30],["30Rnd_65x39_caseless_green",30]]:[]::[]:[]:[]:1
[23:34:32:024488 --4:00] [Thread 4272] extDB2: SQL_CUSTOM_V2: Trace: UniqueID: 1 Result: [1,[]]
[23:39:37:865597 --4:00] [Thread 6344] extDB2: Input from Server: 1:928064:updatePlayer:Derek:1:0.122047:0.186445:77.2674:65.6154:0:1:0:0.122047:0.122047:0.122047:0.122047:303.28:14571.9:16910.9:0.00146294:["ItemMap","ItemCompass","Exile_Item_XM8","ItemRadio"]::[]:[]:[]:arifle_Mk20_F:G_Squares_Tinted:["","","",""]::H_HelmetCrew_I::[["30Rnd_556x45_Stanag_Tracer_Red",30]]:arifle_Mk20_F:["","","",""]::["","","",""]:U_B_SpecopsUniform_sgg:[]:[["Exile_Item_PlasticBottleFreshWater",1],["30Rnd_556x45_Stanag_Tracer_Red",30],["30Rnd_556x45_Stanag_Tracer_Red",30],["30Rnd_556x45_Stanag_Tracer_Red",30],["30Rnd_65x39_caseless_green",30]]:[]::[]:[]:[]:1
[23:39:37:865597 --4:00] [Thread 6344] extDB2: Output to Server: 
[23:39:37:865597 --4:00] [Thread 4272] extDB2: SQL_CUSTOM_V2: Trace: UniqueID: 1 Input: updatePlayer:Derek:1:0.122047:0.186445:77.2674:65.6154:0:1:0:0.122047:0.122047:0.122047:0.122047:303.28:14571.9:16910.9:0.00146294:["ItemMap","ItemCompass","Exile_Item_XM8","ItemRadio"]::[]:[]:[]:arifle_Mk20_F:G_Squares_Tinted:["","","",""]::H_HelmetCrew_I::[["30Rnd_556x45_Stanag_Tracer_Red",30]]:arifle_Mk20_F:["","","",""]::["","","",""]:U_B_SpecopsUniform_sgg:[]:[["Exile_Item_PlasticBottleFreshWater",1],["30Rnd_556x45_Stanag_Tracer_Red",30],["30Rnd_556x45_Stanag_Tracer_Red",30],["30Rnd_556x45_Stanag_Tracer_Red",30],["30Rnd_65x39_caseless_green",30]]:[]::[]:[]:[]:1
[23:39:37:872601 --4:00] [Thread 4272] extDB2: SQL_CUSTOM_V2: Trace: UniqueID: 1 Result: [1,[]]
[23:42:34:446996 --4:00] [Thread 6344] extDB2: Input from Server: 1:928064:endAccountSession:76561198116813162
[23:42:34:446996 --4:00] [Thread 6344] extDB2: Output to Server: 
[23:42:34:446996 --4:00] [Thread 4272] extDB2: SQL_CUSTOM_V2: Trace: UniqueID: 1 Input: endAccountSession:76561198116813162
[23:42:34:447996 --4:00] [Thread 6344] extDB2: Input from Server: 1:928064:updatePlayer:Derek:1:0.122047:0:77.2674:65.6154:0:1:0:0.122047:0.122047:0.122047:0.122047:87.7174:14553.6:16913.3:0.00136566:["ItemMap","ItemCompass","Exile_Item_XM8","ItemRadio"]::[]:[]:[]:arifle_Mk20_F:G_Squares_Tinted:["","","",""]::H_HelmetCrew_I::[["30Rnd_556x45_Stanag_Tracer_Red",30]]:arifle_Mk20_F:["","","",""]::["","","",""]:U_B_SpecopsUniform_sgg:[]:[["Exile_Item_PlasticBottleFreshWater",1],["30Rnd_556x45_Stanag_Tracer_Red",30],["30Rnd_65x39_caseless_green",30],["30Rnd_556x45_Stanag_Tracer_Red",3]]:[]::[]:[]:[]:1
[23:42:34:447996 --4:00] [Thread 6344] extDB2: Output to Server: 
[23:42:34:447996 --4:00] [Thread 12872] extDB2: SQL_CUSTOM_V2: Trace: UniqueID: 1 Input: updatePlayer:Derek:1:0.122047:0:77.2674:65.6154:0:1:0:0.122047:0.122047:0.122047:0.122047:87.7174:14553.6:16913.3:0.00136566:["ItemMap","ItemCompass","Exile_Item_XM8","ItemRadio"]::[]:[]:[]:arifle_Mk20_F:G_Squares_Tinted:["","","",""]::H_HelmetCrew_I::[["30Rnd_556x45_Stanag_Tracer_Red",30]]:arifle_Mk20_F:["","","",""]::["","","",""]:U_B_SpecopsUniform_sgg:[]:[["Exile_Item_PlasticBottleFreshWater",1],["30Rnd_556x45_Stanag_Tracer_Red",30],["30Rnd_65x39_caseless_green",30],["30Rnd_556x45_Stanag_Tracer_Red",3]]:[]::[]:[]:[]:1
[23:42:34:450999 --4:00] [Thread 4272] extDB2: SQL_CUSTOM_V2: Trace: UniqueID: 1 Result: [1,[]]
[23:42:34:452999 --4:00] [Thread 12872] extDB2: SQL_CUSTOM_V2: Trace: UniqueID: 1 Result: [1,[]]
[00:52:40:727354 --4:00] [Thread 6344] extDB2: Input from Server: 0:928064:isKnownAccount:76561198116813162
[00:52:40:727354 --4:00] [Thread 6344] extDB2: SQL_CUSTOM_V2: Trace: UniqueID: 1 Input: isKnownAccount:76561198116813162
[00:52:40:728354 --4:00] [Thread 6344] extDB2: SQL_CUSTOM_V2: Trace: UniqueID: 1 Result: [1,[[true]]]
[00:52:40:728354 --4:00] [Thread 6344] extDB2: Output to Server: [1,[[true]]]
[00:52:40:728354 --4:00] [Thread 6344] extDB2: Input from Server: 1:928064:startAccountSession:76561198116813162:(BurBan)Derek
[00:52:40:728354 --4:00] [Thread 6344] extDB2: Output to Server: 
[00:52:40:728354 --4:00] [Thread 4272] extDB2: SQL_CUSTOM_V2: Trace: UniqueID: 1 Input: startAccountSession:76561198116813162:(BurBan)Derek
[00:52:40:732356 --4:00] [Thread 4272] extDB2: SQL_CUSTOM_V2: Trace: UniqueID: 1 Result: [1,[]]
[00:52:46:774381 --4:00] [Thread 6344] extDB2: Input from Server: 0:928064:hasAlivePlayer:76561198116813162
[00:52:46:774381 --4:00] [Thread 6344] extDB2: SQL_CUSTOM_V2: Trace: UniqueID: 1 Input: hasAlivePlayer:76561198116813162
[00:52:46:774381 --4:00] [Thread 6344] extDB2: SQL_CUSTOM_V2: Trace: UniqueID: 1 Result: [1,[[true]]]
[00:52:46:774381 --4:00] [Thread 6344] extDB2: Output to Server: [1,[[true]]]
[00:52:46:840414 --4:00] [Thread 6344] extDB2: Input from Server: 0:928064:loadPlayer:76561198116813162
[00:52:46:840414 --4:00] [Thread 6344] extDB2: SQL_CUSTOM_V2: Trace: UniqueID: 1 Input: loadPlayer:76561198116813162
[00:52:46:842415 --4:00] [Thread 6344] extDB2: SQL_CUSTOM_V2: Trace: UniqueID: 1 Result: [1,[[1,"Derek","76561198116813162",1,0.122047,0,77.2674,65.6154,0,1,0,0.122047,0.122047,0.122047,0.122047,87.7174,14553.6,16913.3,0.00136566,["ItemMap","ItemCompass","Exile_Item_XM8","ItemRadio"],"",[],[],[],"arifle_Mk20_F","G_Squares_Tinted",["","","",""],"","H_HelmetCrew_I","",[["30Rnd_556x45_Stanag_Tracer_Red",30]],"arifle_Mk20_F",["","","",""],"",["","","",""],"U_B_SpecopsUniform_sgg",[],[["Exile_Item_PlasticBottleFreshWater",1],["30Rnd_556x45_Stanag_Tracer_Red",30],["30Rnd_65x39_caseless_green",30],["30Rnd_556x45_Stanag_Tracer_Red",3]],[],"",[],[],[],69696969,69696969,0,0,"",""]]]
[00:52:46:842415 --4:00] [Thread 6344] extDB2: Output to Server: [1,[[1,"Derek","76561198116813162",1,0.122047,0,77.2674,65.6154,0,1,0,0.122047,0.122047,0.122047,0.122047,87.7174,14553.6,16913.3,0.00136566,["ItemMap","ItemCompass","Exile_Item_XM8","ItemRadio"],"",[],[],[],"arifle_Mk20_F","G_Squares_Tinted",["","","",""],"","H_HelmetCrew_I","",[["30Rnd_556x45_Stanag_Tracer_Red",30]],"arifle_Mk20_F",["","","",""],"",["","","",""],"U_B_SpecopsUniform_sgg",[],[["Exile_Item_PlasticBottleFreshWater",1],["30Rnd_556x45_Stanag_Tracer_Red",30],["30Rnd_65x39_caseless_green",30],["30Rnd_556x45_Stanag_Tracer_Red",3]],[],"",[],[],[],69696969,69696969,0,0,"",""]]]
[00:54:01:925002 --4:00] [Thread 6344] extDB2: Input from Server: 1:928064:setAccountMoneyAndRespect:6.9697e+007:6.9697e+007:76561198116813162
[00:54:01:925002 --4:00] [Thread 6344] extDB2: Output to Server: 
[00:54:01:925002 --4:00] [Thread 4272] extDB2: SQL_CUSTOM_V2: Trace: UniqueID: 1 Input: setAccountMoneyAndRespect:6.9697e+007:6.9697e+007:76561198116813162
[00:54:01:926003 --4:00] [Thread 6344] extDB2: Input from Server: 1:928064:updatePlayer:(BurBan)Derek:1:0.122047:0.198326:77.2674:65.6154:0:1:0:0.122047:0.122047:0.122047:0.122047:216.38:14572.4:16760.1:0.126438:["ItemMap","ItemCompass","Exile_Item_XM8","ItemRadio"]::[]:[]:[]:arifle_Mk20_F:G_Squares_Tinted:["","","",""]::H_HelmetCrew_I::[["30Rnd_556x45_Stanag_Tracer_Red",30]]:arifle_Mk20_F:["","","",""]::["","","",""]:U_B_SpecopsUniform_sgg:[]:[["Exile_Item_PlasticBottleFreshWater",1],["30Rnd_65x39_caseless_green",30],["30Rnd_556x45_Stanag_Tracer_Red",3],["30Rnd_556x45_Stanag_Tracer_Red",30]]:[]::[]:[]:[]:1
[00:54:01:926003 --4:00] [Thread 6344] extDB2: Output to Server: 
[00:54:01:926003 --4:00] [Thread 12872] extDB2: SQL_CUSTOM_V2: Trace: UniqueID: 1 Input: updatePlayer:(BurBan)Derek:1:0.122047:0.198326:77.2674:65.6154:0:1:0:0.122047:0.122047:0.122047:0.122047:216.38:14572.4:16760.1:0.126438:["ItemMap","ItemCompass","Exile_Item_XM8","ItemRadio"]::[]:[]:[]:arifle_Mk20_F:G_Squares_Tinted:["","","",""]::H_HelmetCrew_I::[["30Rnd_556x45_Stanag_Tracer_Red",30]]:arifle_Mk20_F:["","","",""]::["","","",""]:U_B_SpecopsUniform_sgg:[]:[["Exile_Item_PlasticBottleFreshWater",1],["30Rnd_65x39_caseless_green",30],["30Rnd_556x45_Stanag_Tracer_Red",3],["30Rnd_556x45_Stanag_Tracer_Red",30]]:[]::[]:[]:[]:1
[00:54:01:935008 --4:00] [Thread 4272] extDB2: SQL_CUSTOM_V2: Trace: UniqueID: 1 Result: [1,[]]
[00:54:01:936008 --4:00] [Thread 12872] extDB2: SQL_CUSTOM_V2: Trace: UniqueID: 1 Result: [1,[]]
[00:54:09:496793 --4:00] [Thread 6344] extDB2: Input from Server: 1:928064:setAccountMoney:6.96967e+007:76561198116813162
[00:54:09:496793 --4:00] [Thread 6344] extDB2: Output to Server: 
[00:54:09:496793 --4:00] [Thread 12872] extDB2: SQL_CUSTOM_V2: Trace: UniqueID: 1 Input: setAccountMoney:6.96967e+007:76561198116813162
[00:54:09:497794 --4:00] [Thread 6344] extDB2: Input from Server: 1:928064:updatePlayer:(BurBan)Derek:1:0.122047:0:77.2674:65.6154:0:1:0:0.122047:0.122047:0.122047:0.122047:216.38:14572.4:16760.1:0.126438:["ItemMap","ItemCompass","Exile_Item_XM8","ItemRadio"]::[]:[]:[]::G_Squares_Tinted:["","","",""]::H_HelmetCrew_I::[]::["","","",""]::["","","",""]:U_B_SpecopsUniform_sgg:[]:[["Exile_Item_PlasticBottleFreshWater",1],["30Rnd_65x39_caseless_green",30],["30Rnd_556x45_Stanag_Tracer_Red",3],["30Rnd_556x45_Stanag_Tracer_Red",30]]:[]::[]:[]:[]:1
[00:54:09:497794 --4:00] [Thread 6344] extDB2: Output to Server: 
[00:54:09:497794 --4:00] [Thread 4272] extDB2: SQL_CUSTOM_V2: Trace: UniqueID: 1 Input: updatePlayer:(BurBan)Derek:1:0.122047:0:77.2674:65.6154:0:1:0:0.122047:0.122047:0.122047:0.122047:216.38:14572.4:16760.1:0.126438:["ItemMap","ItemCompass","Exile_Item_XM8","ItemRadio"]::[]:[]:[]::G_Squares_Tinted:["","","",""]::H_HelmetCrew_I::[]::["","","",""]::["","","",""]:U_B_SpecopsUniform_sgg:[]:[["Exile_Item_PlasticBottleFreshWater",1],["30Rnd_65x39_caseless_green",30],["30Rnd_556x45_Stanag_Tracer_Red",3],["30Rnd_556x45_Stanag_Tracer_Red",30]]:[]::[]:[]:[]:1
[00:54:09:500795 --4:00] [Thread 12872] extDB2: SQL_CUSTOM_V2: Trace: UniqueID: 1 Result: [1,[]]
[00:54:09:502797 --4:00] [Thread 4272] extDB2: SQL_CUSTOM_V2: Trace: UniqueID: 1 Result: [1,[]]
[00:54:16:824461 --4:00] [Thread 6344] extDB2: Input from Server: 1:928064:setAccountMoney:6.96963e+007:76561198116813162
[00:54:16:824461 --4:00] [Thread 6344] extDB2: Output to Server: 
[00:54:16:824461 --4:00] [Thread 4272] extDB2: SQL_CUSTOM_V2: Trace: UniqueID: 1 Input: setAccountMoney:6.96963e+007:76561198116813162
[00:54:16:825462 --4:00] [Thread 6344] extDB2: Input from Server: 1:928064:updatePlayer:(BurBan)Derek:1:0.122047:0:77.2674:65.6154:0:1:0:0.122047:0.122047:0.122047:0.122047:216.38:14572.4:16760.1:0.126438:["ItemMap","ItemCompass","Exile_Item_XM8","ItemRadio"]:B_Carryall_oucamo:[]:[]:[]::G_Squares_Tinted:["","","",""]::H_HelmetCrew_I::[]::["","","",""]::["","","",""]:U_B_SpecopsUniform_sgg:[]:[["Exile_Item_PlasticBottleFreshWater",1],["30Rnd_65x39_caseless_green",30],["30Rnd_556x45_Stanag_Tracer_Red",3],["30Rnd_556x45_Stanag_Tracer_Red",30]]:[]::[]:[]:[]:1
[00:54:16:825462 --4:00] [Thread 6344] extDB2: Output to Server: 
[00:54:16:825462 --4:00] [Thread 12872] extDB2: SQL_CUSTOM_V2: Trace: UniqueID: 1 Input: updatePlayer:(BurBan)Derek:1:0.122047:0:77.2674:65.6154:0:1:0:0.122047:0.122047:0.122047:0.122047:216.38:14572.4:16760.1:0.126438:["ItemMap","ItemCompass","Exile_Item_XM8","ItemRadio"]:B_Carryall_oucamo:[]:[]:[]::G_Squares_Tinted:["","","",""]::H_HelmetCrew_I::[]::["","","",""]::["","","",""]:U_B_SpecopsUniform_sgg:[]:[["Exile_Item_PlasticBottleFreshWater",1],["30Rnd_65x39_caseless_green",30],["30Rnd_556x45_Stanag_Tracer_Red",3],["30Rnd_556x45_Stanag_Tracer_Red",30]]:[]::[]:[]:[]:1
[00:54:16:828463 --4:00] [Thread 4272] extDB2: SQL_CUSTOM_V2: Trace: UniqueID: 1 Result: [1,[]]
[00:54:16:830464 --4:00] [Thread 12872] extDB2: SQL_CUSTOM_V2: Trace: UniqueID: 1 Result: [1,[]]
[00:54:20:354229 --4:00] [Thread 6344] extDB2: Input from Server: 1:928064:setAccountMoney:6.96961e+007:76561198116813162
[00:54:20:354229 --4:00] [Thread 6344] extDB2: Output to Server: 
[00:54:20:354229 --4:00] [Thread 12872] extDB2: SQL_CUSTOM_V2: Trace: UniqueID: 1 Input: setAccountMoney:6.96961e+007:76561198116813162
[00:54:20:355229 --4:00] [Thread 6344] extDB2: Input from Server: 1:928064:updatePlayer:(BurBan)Derek:1:0.122047:0:77.2674:65.6154:0:1:0:0.122047:0.122047:0.122047:0.122047:216.38:14572.4:16760.1:0.126438:["ItemMap","ItemCompass","Exile_Item_XM8","ItemRadio"]:B_Carryall_oucamo:[]:[]:[]::G_Squares_Tinted:["","","",""]::H_HelmetCrew_I::[]::["","","",""]::["","","",""]:U_B_SpecopsUniform_sgg:[]:[["Exile_Item_PlasticBottleFreshWater",1],["30Rnd_65x39_caseless_green",30],["30Rnd_556x45_Stanag_Tracer_Red",3],["30Rnd_556x45_Stanag_Tracer_Red",30]]:[]:V_PlateCarrierIAGL_oli:[]:[]:[]:1
[00:54:20:355229 --4:00] [Thread 6344] extDB2: Output to Server: 
[00:54:20:355229 --4:00] [Thread 4272] extDB2: SQL_CUSTOM_V2: Trace: UniqueID: 1 Input: updatePlayer:(BurBan)Derek:1:0.122047:0:77.2674:65.6154:0:1:0:0.122047:0.122047:0.122047:0.122047:216.38:14572.4:16760.1:0.126438:["ItemMap","ItemCompass","Exile_Item_XM8","ItemRadio"]:B_Carryall_oucamo:[]:[]:[]::G_Squares_Tinted:["","","",""]::H_HelmetCrew_I::[]::["","","",""]::["","","",""]:U_B_SpecopsUniform_sgg:[]:[["Exile_Item_PlasticBottleFreshWater",1],["30Rnd_65x39_caseless_green",30],["30Rnd_556x45_Stanag_Tracer_Red",3],["30Rnd_556x45_Stanag_Tracer_Red",30]]:[]:V_PlateCarrierIAGL_oli:[]:[]:[]:1
[00:54:20:357231 --4:00] [Thread 12872] extDB2: SQL_CUSTOM_V2: Trace: UniqueID: 1 Result: [1,[]]
[00:54:20:359231 --4:00] [Thread 4272] extDB2: SQL_CUSTOM_V2: Trace: UniqueID: 1 Result: [1,[]]
[00:54:20:596350 --4:00] [Thread 6344] extDB2: Input from Server: 1:928064:setAccountMoney:6.96958e+007:76561198116813162
[00:54:20:596350 --4:00] [Thread 6344] extDB2: Output to Server: 
[00:54:20:596350 --4:00] [Thread 4272] extDB2: SQL_CUSTOM_V2: Trace: UniqueID: 1 Input: setAccountMoney:6.96958e+007:76561198116813162
[00:54:20:597350 --4:00] [Thread 6344] extDB2: Input from Server: 1:928064:updatePlayer:(BurBan)Derek:1:0.122047:0:77.2674:65.6154:0:1:0:0.122047:0.122047:0.122047:0.122047:216.38:14572.4:16760.1:0.126438:["ItemMap","ItemCompass","Exile_Item_XM8","ItemRadio"]:B_Carryall_oucamo:[]:[]:[]::G_Squares_Tinted:["","","",""]::H_HelmetCrew_I::[]::["","","",""]::["","","",""]:U_B_SpecopsUniform_sgg:[]:[["Exile_Item_PlasticBottleFreshWater",1],["30Rnd_65x39_caseless_green",30],["30Rnd_556x45_Stanag_Tracer_Red",3],["30Rnd_556x45_Stanag_Tracer_Red",30]]:[]:V_PlateCarrierIAGL_oli:[]:[["Exile_Item_InstaDoc",1]]:[]:1
[00:54:20:597350 --4:00] [Thread 6344] extDB2: Output to Server: 
[00:54:20:597350 --4:00] [Thread 12872] extDB2: SQL_CUSTOM_V2: Trace: UniqueID: 1 Input: updatePlayer:(BurBan)Derek:1:0.122047:0:77.2674:65.6154:0:1:0:0.122047:0.122047:0.122047:0.122047:216.38:14572.4:16760.1:0.126438:["ItemMap","ItemCompass","Exile_Item_XM8","ItemRadio"]:B_Carryall_oucamo:[]:[]:[]::G_Squares_Tinted:["","","",""]::H_HelmetCrew_I::[]::["","","",""]::["","","",""]:U_B_SpecopsUniform_sgg:[]:[["Exile_Item_PlasticBottleFreshWater",1],["30Rnd_65x39_caseless_green",30],["30Rnd_556x45_Stanag_Tracer_Red",3],["30Rnd_556x45_Stanag_Tracer_Red",30]]:[]:V_PlateCarrierIAGL_oli:[]:[["Exile_Item_InstaDoc",1]]:[]:1
[00:54:20:600352 --4:00] [Thread 4272] extDB2: SQL_CUSTOM_V2: Trace: UniqueID: 1 Result: [1,[]]
[00:54:20:602353 --4:00] [Thread 12872] extDB2: SQL_CUSTOM_V2: Trace: UniqueID: 1 Result: [1,[]]
[00:54:26:706408 --4:00] [Thread 6344] extDB2: Input from Server: 1:928064:setAccountMoney:6.96957e+007:76561198116813162
[00:54:26:706408 --4:00] [Thread 6344] extDB2: Output to Server: 
[00:54:26:706408 --4:00] [Thread 12872] extDB2: SQL_CUSTOM_V2: Trace: UniqueID: 1 Input: setAccountMoney:6.96957e+007:76561198116813162
[00:54:26:707409 --4:00] [Thread 6344] extDB2: Input from Server: 1:928064:updatePlayer:(BurBan)Derek:1:0.122047:0:77.2674:65.6154:0:1:0:0.122047:0.122047:0.122047:0.122047:216.38:14572.4:16760.1:0.126438:["ItemMap","ItemCompass","Exile_Item_XM8","ItemRadio"]:B_Carryall_oucamo:[]:[]:[]::G_Squares_Tinted:["","","",""]::H_HelmetCrew_I::[]::["","","",""]::["","","",""]:U_B_SpecopsUniform_sgg:[]:[["Exile_Item_PlasticBottleFreshWater",1],["30Rnd_65x39_caseless_green",30],["30Rnd_556x45_Stanag_Tracer_Red",3],["30Rnd_556x45_Stanag_Tracer_Red",30]]:[]:V_PlateCarrierIAGL_oli:[]:[["Exile_Item_InstaDoc",1],["Exile_Item_InstaDoc",1]]:[]:1
[00:54:26:707409 --4:00] [Thread 6344] extDB2: Output to Server: 
[00:54:26:707409 --4:00] [Thread 4272] extDB2: SQL_CUSTOM_V2: Trace: UniqueID: 1 Input: updatePlayer:(BurBan)Derek:1:0.122047:0:77.2674:65.6154:0:1:0:0.122047:0.122047:0.122047:0.122047:216.38:14572.4:16760.1:0.126438:["ItemMap","ItemCompass","Exile_Item_XM8","ItemRadio"]:B_Carryall_oucamo:[]:[]:[]::G_Squares_Tinted:["","","",""]::H_HelmetCrew_I::[]::["","","",""]::["","","",""]:U_B_SpecopsUniform_sgg:[]:[["Exile_Item_PlasticBottleFreshWater",1],["30Rnd_65x39_caseless_green",30],["30Rnd_556x45_Stanag_Tracer_Red",3],["30Rnd_556x45_Stanag_Tracer_Red",30]]:[]:V_PlateCarrierIAGL_oli:[]:[["Exile_Item_InstaDoc",1],["Exile_Item_InstaDoc",1]]:[]:1
[00:54:26:710410 --4:00] [Thread 12872] extDB2: SQL_CUSTOM_V2: Trace: UniqueID: 1 Result: [1,[]]
[00:54:26:712412 --4:00] [Thread 4272] extDB2: SQL_CUSTOM_V2: Trace: UniqueID: 1 Result: [1,[]]
[00:55:23:421801 --4:00] [Thread 6344] extDB2: Input from Server: 1:928064:setAccountMoney:6.96955e+007:76561198116813162
[00:55:23:421801 --4:00] [Thread 6344] extDB2: Output to Server: 
[00:55:23:421801 --4:00] [Thread 4272] extDB2: SQL_CUSTOM_V2: Trace: UniqueID: 1 Input: setAccountMoney:6.96955e+007:76561198116813162
[00:55:23:422802 --4:00] [Thread 6344] extDB2: Input from Server: 1:928064:updatePlayer:(BurBan)Derek:1:0.122047:0:77.2674:65.6154:0:1:0:0.122047:0.122047:0.122047:0.122047:209.02:14572.5:16760.6:0.126438:["ItemMap","ItemCompass","Exile_Item_XM8","ItemRadio","NVGoggles_OPFOR"]:B_Carryall_oucamo:[]:[]:[]::G_Squares_Tinted:["","","",""]::::[]::["","","",""]::["","","",""]:U_B_SpecopsUniform_sgg:[]:[["Exile_Item_PlasticBottleFreshWater",1],["30Rnd_65x39_caseless_green",30],["30Rnd_556x45_Stanag_Tracer_Red",3],["30Rnd_556x45_Stanag_Tracer_Red",30]]:[]:V_PlateCarrierIAGL_oli:[]:[["Exile_Item_InstaDoc",1],["Exile_Item_InstaDoc",1]]:[]:1
[00:55:23:422802 --4:00] [Thread 6344] extDB2: Output to Server: 
[00:55:23:422802 --4:00] [Thread 12872] extDB2: SQL_CUSTOM_V2: Trace: UniqueID: 1 Input: updatePlayer:(BurBan)Derek:1:0.122047:0:77.2674:65.6154:0:1:0:0.122047:0.122047:0.122047:0.122047:209.02:14572.5:16760.6:0.126438:["ItemMap","ItemCompass","Exile_Item_XM8","ItemRadio","NVGoggles_OPFOR"]:B_Carryall_oucamo:[]:[]:[]::G_Squares_Tinted:["","","",""]::::[]::["","","",""]::["","","",""]:U_B_SpecopsUniform_sgg:[]:[["Exile_Item_PlasticBottleFreshWater",1],["30Rnd_65x39_caseless_green",30],["30Rnd_556x45_Stanag_Tracer_Red",3],["30Rnd_556x45_Stanag_Tracer_Red",30]]:[]:V_PlateCarrierIAGL_oli:[]:[["Exile_Item_InstaDoc",1],["Exile_Item_InstaDoc",1]]:[]:1
[00:55:23:426804 --4:00] [Thread 4272] extDB2: SQL_CUSTOM_V2: Trace: UniqueID: 1 Result: [1,[]]
[00:55:23:428804 --4:00] [Thread 12872] extDB2: SQL_CUSTOM_V2: Trace: UniqueID: 1 Result: [1,[]]
[00:55:43:857031 --4:00] [Thread 6344] extDB2: Input from Server: 1:928064:setAccountMoney:6.96946e+007:76561198116813162
[00:55:43:857031 --4:00] [Thread 6344] extDB2: Output to Server: 
[00:55:43:857031 --4:00] [Thread 12872] extDB2: SQL_CUSTOM_V2: Trace: UniqueID: 1 Input: setAccountMoney:6.96946e+007:76561198116813162
[00:55:43:858032 --4:00] [Thread 6344] extDB2: Input from Server: 1:928064:updatePlayer:(BurBan)Derek:1:0.122047:0:77.2674:65.6154:0:1:0:0.122047:0.122047:0.122047:0.122047:201.885:14569.3:16766.8:0.12644:["ItemMap","ItemCompass","Exile_Item_XM8","ItemRadio","NVGoggles_OPFOR"]:B_Carryall_oucamo:[]:[]:[]::G_Squares_Tinted:["","","",""]::H_HelmetLeaderO_oucamo::[]::["","","",""]::["","","",""]:U_B_SpecopsUniform_sgg:[]:[["Exile_Item_PlasticBottleFreshWater",1],["30Rnd_65x39_caseless_green",30],["30Rnd_556x45_Stanag_Tracer_Red",3],["30Rnd_556x45_Stanag_Tracer_Red",30]]:[]:V_PlateCarrierIAGL_oli:[]:[["Exile_Item_InstaDoc",1],["Exile_Item_InstaDoc",1]]:[]:1
[00:55:43:858032 --4:00] [Thread 6344] extDB2: Output to Server: 
[00:55:43:858032 --4:00] [Thread 4272] extDB2: SQL_CUSTOM_V2: Trace: UniqueID: 1 Input: updatePlayer:(BurBan)Derek:1:0.122047:0:77.2674:65.6154:0:1:0:0.122047:0.122047:0.122047:0.122047:201.885:14569.3:16766.8:0.12644:["ItemMap","ItemCompass","Exile_Item_XM8","ItemRadio","NVGoggles_OPFOR"]:B_Carryall_oucamo:[]:[]:[]::G_Squares_Tinted:["","","",""]::H_HelmetLeaderO_oucamo::[]::["","","",""]::["","","",""]:U_B_SpecopsUniform_sgg:[]:[["Exile_Item_PlasticBottleFreshWater",1],["30Rnd_65x39_caseless_green",30],["30Rnd_556x45_Stanag_Tracer_Red",3],["30Rnd_556x45_Stanag_Tracer_Red",30]]:[]:V_PlateCarrierIAGL_oli:[]:[["Exile_Item_InstaDoc",1],["Exile_Item_InstaDoc",1]]:[]:1
[00:55:43:862034 --4:00] [Thread 12872] extDB2: SQL_CUSTOM_V2: Trace: UniqueID: 1 Result: [1,[]]
[00:55:43:864035 --4:00] [Thread 4272] extDB2: SQL_CUSTOM_V2: Trace: UniqueID: 1 Result: [1,[]]
[00:55:53:012615 --4:00] [Thread 6344] extDB2: Input from Server: 1:928064:setAccountMoney:6.96936e+007:76561198116813162
[00:55:53:012615 --4:00] [Thread 6344] extDB2: Output to Server: 
[00:55:53:012615 --4:00] [Thread 4272] extDB2: SQL_CUSTOM_V2: Trace: UniqueID: 1 Input: setAccountMoney:6.96936e+007:76561198116813162
[00:55:53:013616 --4:00] [Thread 6344] extDB2: Input from Server: 1:928064:updatePlayer:(BurBan)Derek:1:0.122047:0:77.2674:65.6154:0:1:0:0.122047:0.122047:0.122047:0.122047:201.885:14569.5:16766.8:0.12644:["ItemMap","ItemCompass","Exile_Item_XM8","ItemRadio","NVGoggles_OPFOR"]:B_Carryall_oucamo:[]:[]:[]:srifle_GM6_F:G_Squares_Tinted:["","","",""]::H_HelmetLeaderO_oucamo::[]:srifle_GM6_F:["","","",""]::["","","",""]:U_B_SpecopsUniform_sgg:[]:[["Exile_Item_PlasticBottleFreshWater",1],["30Rnd_65x39_caseless_green",30],["30Rnd_556x45_Stanag_Tracer_Red",3],["30Rnd_556x45_Stanag_Tracer_Red",30]]:[]:V_PlateCarrierIAGL_oli:[]:[["Exile_Item_InstaDoc",1],["Exile_Item_InstaDoc",1]]:[]:1
[00:55:53:013616 --4:00] [Thread 6344] extDB2: Output to Server: 
[00:55:53:013616 --4:00] [Thread 12872] extDB2: SQL_CUSTOM_V2: Trace: UniqueID: 1 Input: updatePlayer:(BurBan)Derek:1:0.122047:0:77.2674:65.6154:0:1:0:0.122047:0.122047:0.122047:0.122047:201.885:14569.5:16766.8:0.12644:["ItemMap","ItemCompass","Exile_Item_XM8","ItemRadio","NVGoggles_OPFOR"]:B_Carryall_oucamo:[]:[]:[]:srifle_GM6_F:G_Squares_Tinted:["","","",""]::H_HelmetLeaderO_oucamo::[]:srifle_GM6_F:["","","",""]::["","","",""]:U_B_SpecopsUniform_sgg:[]:[["Exile_Item_PlasticBottleFreshWater",1],["30Rnd_65x39_caseless_green",30],["30Rnd_556x45_Stanag_Tracer_Red",3],["30Rnd_556x45_Stanag_Tracer_Red",30]]:[]:V_PlateCarrierIAGL_oli:[]:[["Exile_Item_InstaDoc",1],["Exile_Item_InstaDoc",1]]:[]:1
[00:55:53:016617 --4:00] [Thread 4272] extDB2: SQL_CUSTOM_V2: Trace: UniqueID: 1 Result: [1,[]]
[00:55:53:018618 --4:00] [Thread 12872] extDB2: SQL_CUSTOM_V2: Trace: UniqueID: 1 Result: [1,[]]
[00:55:55:169695 --4:00] [Thread 6344] extDB2: Input from Server: 1:928064:setAccountMoney:6.96933e+007:76561198116813162
[00:55:55:173697 --4:00] [Thread 6344] extDB2: Output to Server: 
[00:55:55:173697 --4:00] [Thread 12872] extDB2: SQL_CUSTOM_V2: Trace: UniqueID: 1 Input: setAccountMoney:6.96933e+007:76561198116813162
[00:55:55:173697 --4:00] [Thread 6344] extDB2: Input from Server: 1:928064:updatePlayer:(BurBan)Derek:1:0.122047:0:77.2674:65.6154:0:1:0:0.122047:0.122047:0.122047:0.122047:201.885:14569.5:16766.8:0.12644:["ItemMap","ItemCompass","Exile_Item_XM8","ItemRadio","NVGoggles_OPFOR"]:B_Carryall_oucamo:[]:[]:[]:srifle_GM6_F:G_Squares_Tinted:["","","",""]::H_HelmetLeaderO_oucamo::[]:srifle_GM6_F:["","","optic_Nightstalker",""]::["","","",""]:U_B_SpecopsUniform_sgg:[]:[["Exile_Item_PlasticBottleFreshWater",1],["30Rnd_65x39_caseless_green",30],["30Rnd_556x45_Stanag_Tracer_Red",3],["30Rnd_556x45_Stanag_Tracer_Red",30]]:[]:V_PlateCarrierIAGL_oli:[]:[["Exile_Item_InstaDoc",1],["Exile_Item_InstaDoc",1]]:[]:1
[00:55:55:173697 --4:00] [Thread 6344] extDB2: Output to Server: 
[00:55:55:173697 --4:00] [Thread 4272] extDB2: SQL_CUSTOM_V2: Trace: UniqueID: 1 Input: updatePlayer:(BurBan)Derek:1:0.122047:0:77.2674:65.6154:0:1:0:0.122047:0.122047:0.122047:0.122047:201.885:14569.5:16766.8:0.12644:["ItemMap","ItemCompass","Exile_Item_XM8","ItemRadio","NVGoggles_OPFOR"]:B_Carryall_oucamo:[]:[]:[]:srifle_GM6_F:G_Squares_Tinted:["","","",""]::H_HelmetLeaderO_oucamo::[]:srifle_GM6_F:["","","optic_Nightstalker",""]::["","","",""]:U_B_SpecopsUniform_sgg:[]:[["Exile_Item_PlasticBottleFreshWater",1],["30Rnd_65x39_caseless_green",30],["30Rnd_556x45_Stanag_Tracer_Red",3],["30Rnd_556x45_Stanag_Tracer_Red",30]]:[]:V_PlateCarrierIAGL_oli:[]:[["Exile_Item_InstaDoc",1],["Exile_Item_InstaDoc",1]]:[]:1
[00:55:55:176699 --4:00] [Thread 12872] extDB2: SQL_CUSTOM_V2: Trace: UniqueID: 1 Result: [1,[]]
[00:55:55:178700 --4:00] [Thread 4272] extDB2: SQL_CUSTOM_V2: Trace: UniqueID: 1 Result: [1,[]]
[00:56:34:235252 --4:00] [Thread 6344] extDB2: Input from Server: 1:928064:setAccountMoney:6.96933e+007:76561198116813162
[00:56:34:235252 --4:00] [Thread 6344] extDB2: Output to Server: 
[00:56:34:235252 --4:00] [Thread 4272] extDB2: SQL_CUSTOM_V2: Trace: UniqueID: 1 Input: setAccountMoney:6.96933e+007:76561198116813162
[00:56:34:236252 --4:00] [Thread 6344] extDB2: Input from Server: 1:928064:updatePlayer:(BurBan)Derek:1:0.122047:0:77.2674:65.6154:0:1:0:0.122047:0.122047:0.122047:0.122047:201.885:14569.5:16766.8:0.12644:["ItemMap","ItemCompass","Exile_Item_XM8","ItemRadio","NVGoggles_OPFOR"]:B_Carryall_oucamo:[]:[]:[]:srifle_GM6_F:G_Squares_Tinted:["","","",""]::H_HelmetLeaderO_oucamo::[]:srifle_GM6_F:["","","optic_Nightstalker",""]::["","","",""]:U_B_SpecopsUniform_sgg:[]:[["Exile_Item_PlasticBottleFreshWater",1],["30Rnd_65x39_caseless_green",30],["30Rnd_556x45_Stanag_Tracer_Red",3],["30Rnd_556x45_Stanag_Tracer_Red",30]]:[]:V_PlateCarrierIAGL_oli:[["optic_KHS_blk",1]]:[["Exile_Item_InstaDoc",1],["Exile_Item_InstaDoc",1]]:[]:1
[00:56:34:236252 --4:00] [Thread 6344] extDB2: Output to Server: 
[00:56:34:236252 --4:00] [Thread 12872] extDB2: SQL_CUSTOM_V2: Trace: UniqueID: 1 Input: updatePlayer:(BurBan)Derek:1:0.122047:0:77.2674:65.6154:0:1:0:0.122047:0.122047:0.122047:0.122047:201.885:14569.5:16766.8:0.12644:["ItemMap","ItemCompass","Exile_Item_XM8","ItemRadio","NVGoggles_OPFOR"]:B_Carryall_oucamo:[]:[]:[]:srifle_GM6_F:G_Squares_Tinted:["","","",""]::H_HelmetLeaderO_oucamo::[]:srifle_GM6_F:["","","optic_Nightstalker",""]::["","","",""]:U_B_SpecopsUniform_sgg:[]:[["Exile_Item_PlasticBottleFreshWater",1],["30Rnd_65x39_caseless_green",30],["30Rnd_556x45_Stanag_Tracer_Red",3],["30Rnd_556x45_Stanag_Tracer_Red",30]]:[]:V_PlateCarrierIAGL_oli:[["optic_KHS_blk",1]]:[["Exile_Item_InstaDoc",1],["Exile_Item_InstaDoc",1]]:[]:1
[00:56:34:242255 --4:00] [Thread 4272] extDB2: SQL_CUSTOM_V2: Trace: UniqueID: 1 Result: [1,[]]
[00:56:34:243256 --4:00] [Thread 12872] extDB2: SQL_CUSTOM_V2: Trace: UniqueID: 1 Result: [1,[]]
[00:56:35:181725 --4:00] [Thread 6344] extDB2: Input from Server: 1:928064:setAccountMoney:6.96932e+007:76561198116813162
[00:56:35:181725 --4:00] [Thread 6344] extDB2: Output to Server: 
[00:56:35:181725 --4:00] [Thread 12872] extDB2: SQL_CUSTOM_V2: Trace: UniqueID: 1 Input: setAccountMoney:6.96932e+007:76561198116813162
[00:56:35:182726 --4:00] [Thread 6344] extDB2: Input from Server: 1:928064:updatePlayer:(BurBan)Derek:1:0.122047:0:77.2674:65.6154:0:1:0:0.122047:0.122047:0.122047:0.122047:201.885:14569.5:16766.8:0.12644:["ItemMap","ItemCompass","Exile_Item_XM8","ItemRadio","NVGoggles_OPFOR"]:B_Carryall_oucamo:[]:[]:[]:srifle_GM6_F:G_Squares_Tinted:["","","",""]::H_HelmetLeaderO_oucamo::[["5Rnd_127x108_APDS_Mag",5]]:srifle_GM6_F:["","","optic_Nightstalker",""]::["","","",""]:U_B_SpecopsUniform_sgg:[]:[["Exile_Item_PlasticBottleFreshWater",1],["30Rnd_65x39_caseless_green",30],["30Rnd_556x45_Stanag_Tracer_Red",3],["30Rnd_556x45_Stanag_Tracer_Red",30]]:[]:V_PlateCarrierIAGL_oli:[["optic_KHS_blk",1]]:[["Exile_Item_InstaDoc",1],["Exile_Item_InstaDoc",1]]:[]:1
[00:56:35:182726 --4:00] [Thread 6344] extDB2: Output to Server: 
[00:56:35:182726 --4:00] [Thread 4272] extDB2: SQL_CUSTOM_V2: Trace: UniqueID: 1 Input: updatePlayer:(BurBan)Derek:1:0.122047:0:77.2674:65.6154:0:1:0:0.122047:0.122047:0.122047:0.122047:201.885:14569.5:16766.8:0.12644:["ItemMap","ItemCompass","Exile_Item_XM8","ItemRadio","NVGoggles_OPFOR"]:B_Carryall_oucamo:[]:[]:[]:srifle_GM6_F:G_Squares_Tinted:["","","",""]::H_HelmetLeaderO_oucamo::[["5Rnd_127x108_APDS_Mag",5]]:srifle_GM6_F:["","","optic_Nightstalker",""]::["","","",""]:U_B_SpecopsUniform_sgg:[]:[["Exile_Item_PlasticBottleFreshWater",1],["30Rnd_65x39_caseless_green",30],["30Rnd_556x45_Stanag_Tracer_Red",3],["30Rnd_556x45_Stanag_Tracer_Red",30]]:[]:V_PlateCarrierIAGL_oli:[["optic_KHS_blk",1]]:[["Exile_Item_InstaDoc",1],["Exile_Item_InstaDoc",1]]:[]:1
[00:56:35:184727 --4:00] [Thread 12872] extDB2: SQL_CUSTOM_V2: Trace: UniqueID: 1 Result: [1,[]]
[00:56:35:186728 --4:00] [Thread 4272] extDB2: SQL_CUSTOM_V2: Trace: UniqueID: 1 Result: [1,[]]
[00:56:38:527400 --4:00] [Thread 6344] extDB2: Input from Server: 1:928064:setAccountMoney:6.96932e+007:76561198116813162
[00:56:38:527400 --4:00] [Thread 6344] extDB2: Output to Server: 
[00:56:38:527400 --4:00] [Thread 4272] extDB2: SQL_CUSTOM_V2: Trace: UniqueID: 1 Input: setAccountMoney:6.96932e+007:76561198116813162
[00:56:38:528401 --4:00] [Thread 6344] extDB2: Input from Server: 1:928064:updatePlayer:(BurBan)Derek:1:0.122047:0:77.2674:65.6154:0:1:0:0.122047:0.122047:0.122047:0.122047:201.885:14569.5:16766.8:0.12644:["ItemMap","ItemCompass","Exile_Item_XM8","ItemRadio","NVGoggles_OPFOR"]:B_Carryall_oucamo:[]:[]:[]:srifle_GM6_F:G_Squares_Tinted:["","","",""]::H_HelmetLeaderO_oucamo::[["5Rnd_127x108_APDS_Mag",5]]:srifle_GM6_F:["","","optic_Nightstalker",""]::["","","",""]:U_B_SpecopsUniform_sgg:[]:[["Exile_Item_PlasticBottleFreshWater",1],["30Rnd_65x39_caseless_green",30],["30Rnd_556x45_Stanag_Tracer_Red",3],["30Rnd_556x45_Stanag_Tracer_Red",30]]:[]:V_PlateCarrierIAGL_oli:[["optic_KHS_blk",1]]:[["Exile_Item_InstaDoc",1],["Exile_Item_InstaDoc",1],["5Rnd_127x108_APDS_Mag",5]]:[]:1
[00:56:38:528401 --4:00] [Thread 6344] extDB2: Output to Server: 
[00:56:38:528401 --4:00] [Thread 12872] extDB2: SQL_CUSTOM_V2: Trace: UniqueID: 1 Input: updatePlayer:(BurBan)Derek:1:0.122047:0:77.2674:65.6154:0:1:0:0.122047:0.122047:0.122047:0.122047:201.885:14569.5:16766.8:0.12644:["ItemMap","ItemCompass","Exile_Item_XM8","ItemRadio","NVGoggles_OPFOR"]:B_Carryall_oucamo:[]:[]:[]:srifle_GM6_F:G_Squares_Tinted:["","","",""]::H_HelmetLeaderO_oucamo::[["5Rnd_127x108_APDS_Mag",5]]:srifle_GM6_F:["","","optic_Nightstalker",""]::["","","",""]:U_B_SpecopsUniform_sgg:[]:[["Exile_Item_PlasticBottleFreshWater",1],["30Rnd_65x39_caseless_green",30],["30Rnd_556x45_Stanag_Tracer_Red",3],["30Rnd_556x45_Stanag_Tracer_Red",30]]:[]:V_PlateCarrierIAGL_oli:[["optic_KHS_blk",1]]:[["Exile_Item_InstaDoc",1],["Exile_Item_InstaDoc",1],["5Rnd_127x108_APDS_Mag",5]]:[]:1
[00:56:38:531402 --4:00] [Thread 4272] extDB2: SQL_CUSTOM_V2: Trace: UniqueID: 1 Result: [1,[]]
[00:56:38:533403 --4:00] [Thread 12872] extDB2: SQL_CUSTOM_V2: Trace: UniqueID: 1 Result: [1,[]]
[00:56:40:022148 --4:00] [Thread 6344] extDB2: Input from Server: 1:928064:setAccountMoney:6.96932e+007:76561198116813162
[00:56:40:022148 --4:00] [Thread 6344] extDB2: Output to Server: 
[00:56:40:022148 --4:00] [Thread 12872] extDB2: SQL_CUSTOM_V2: Trace: UniqueID: 1 Input: setAccountMoney:6.96932e+007:76561198116813162
[00:56:40:023150 --4:00] [Thread 6344] extDB2: Input from Server: 1:928064:updatePlayer:(BurBan)Derek:1:0.122047:0:77.2674:65.6154:0:1:0:0.122047:0.122047:0.122047:0.122047:201.885:14569.5:16766.8:0.12644:["ItemMap","ItemCompass","Exile_Item_XM8","ItemRadio","NVGoggles_OPFOR"]:B_Carryall_oucamo:[]:[]:[]:srifle_GM6_F:G_Squares_Tinted:["","","",""]::H_HelmetLeaderO_oucamo::[["5Rnd_127x108_APDS_Mag",5]]:srifle_GM6_F:["","","optic_Nightstalker",""]::["","","",""]:U_B_SpecopsUniform_sgg:[]:[["Exile_Item_PlasticBottleFreshWater",1],["30Rnd_65x39_caseless_green",30],["30Rnd_556x45_Stanag_Tracer_Red",3],["30Rnd_556x45_Stanag_Tracer_Red",30]]:[]:V_PlateCarrierIAGL_oli:[["optic_KHS_blk",1]]:[["Exile_Item_InstaDoc",1],["Exile_Item_InstaDoc",1],["5Rnd_127x108_APDS_Mag",5],["5Rnd_127x108_APDS_Mag",5]]:[]:1
[00:56:40:023150 --4:00] [Thread 6344] extDB2: Output to Server: 
[00:56:40:023150 --4:00] [Thread 4272] extDB2: SQL_CUSTOM_V2: Trace: UniqueID: 1 Input: updatePlayer:(BurBan)Derek:1:0.122047:0:77.2674:65.6154:0:1:0:0.122047:0.122047:0.122047:0.122047:201.885:14569.5:16766.8:0.12644:["ItemMap","ItemCompass","Exile_Item_XM8","ItemRadio","NVGoggles_OPFOR"]:B_Carryall_oucamo:[]:[]:[]:srifle_GM6_F:G_Squares_Tinted:["","","",""]::H_HelmetLeaderO_oucamo::[["5Rnd_127x108_APDS_Mag",5]]:srifle_GM6_F:["","","optic_Nightstalker",""]::["","","",""]:U_B_SpecopsUniform_sgg:[]:[["Exile_Item_PlasticBottleFreshWater",1],["30Rnd_65x39_caseless_green",30],["30Rnd_556x45_Stanag_Tracer_Red",3],["30Rnd_556x45_Stanag_Tracer_Red",30]]:[]:V_PlateCarrierIAGL_oli:[["optic_KHS_blk",1]]:[["Exile_Item_InstaDoc",1],["Exile_Item_InstaDoc",1],["5Rnd_127x108_APDS_Mag",5],["5Rnd_127x108_APDS_Mag",5]]:[]:1
[00:56:40:025150 --4:00] [Thread 12872] extDB2: SQL_CUSTOM_V2: Trace: UniqueID: 1 Result: [1,[]]
[00:56:40:027151 --4:00] [Thread 4272] extDB2: SQL_CUSTOM_V2: Trace: UniqueID: 1 Result: [1,[]]
[00:56:40:967622 --4:00] [Thread 6344] extDB2: Input from Server: 1:928064:setAccountMoney:6.96931e+007:76561198116813162
[00:56:40:967622 --4:00] [Thread 6344] extDB2: Output to Server: 
[00:56:40:967622 --4:00] [Thread 4272] extDB2: SQL_CUSTOM_V2: Trace: UniqueID: 1 Input: setAccountMoney:6.96931e+007:76561198116813162
[00:56:40:968622 --4:00] [Thread 6344] extDB2: Input from Server: 1:928064:updatePlayer:(BurBan)Derek:1:0.122047:0:77.2674:65.6154:0:1:0:0.122047:0.122047:0.122047:0.122047:201.885:14569.5:16766.8:0.12644:["ItemMap","ItemCompass","Exile_Item_XM8","ItemRadio","NVGoggles_OPFOR"]:B_Carryall_oucamo:[]:[]:[]:srifle_GM6_F:G_Squares_Tinted:["","","",""]::H_HelmetLeaderO_oucamo::[["5Rnd_127x108_APDS_Mag",5]]:srifle_GM6_F:["","","optic_Nightstalker",""]::["","","",""]:U_B_SpecopsUniform_sgg:[]:[["Exile_Item_PlasticBottleFreshWater",1],["30Rnd_65x39_caseless_green",30],["30Rnd_556x45_Stanag_Tracer_Red",3],["30Rnd_556x45_Stanag_Tracer_Red",30]]:[]:V_PlateCarrierIAGL_oli:[["optic_KHS_blk",1]]:[["Exile_Item_InstaDoc",1],["Exile_Item_InstaDoc",1],["5Rnd_127x108_APDS_Mag",5],["5Rnd_127x108_APDS_Mag",5],["5Rnd_127x108_APDS_Mag",5]]:[]:1
[00:56:40:968622 --4:00] [Thread 6344] extDB2: Output to Server: 
[00:56:40:968622 --4:00] [Thread 12872] extDB2: SQL_CUSTOM_V2: Trace: UniqueID: 1 Input: updatePlayer:(BurBan)Derek:1:0.122047:0:77.2674:65.6154:0:1:0:0.122047:0.122047:0.122047:0.122047:201.885:14569.5:16766.8:0.12644:["ItemMap","ItemCompass","Exile_Item_XM8","ItemRadio","NVGoggles_OPFOR"]:B_Carryall_oucamo:[]:[]:[]:srifle_GM6_F:G_Squares_Tinted:["","","",""]::H_HelmetLeaderO_oucamo::[["5Rnd_127x108_APDS_Mag",5]]:srifle_GM6_F:["","","optic_Nightstalker",""]::["","","",""]:U_B_SpecopsUniform_sgg:[]:[["Exile_Item_PlasticBottleFreshWater",1],["30Rnd_65x39_caseless_green",30],["30Rnd_556x45_Stanag_Tracer_Red",3],["30Rnd_556x45_Stanag_Tracer_Red",30]]:[]:V_PlateCarrierIAGL_oli:[["optic_KHS_blk",1]]:[["Exile_Item_InstaDoc",1],["Exile_Item_InstaDoc",1],["5Rnd_127x108_APDS_Mag",5],["5Rnd_127x108_APDS_Mag",5],["5Rnd_127x108_APDS_Mag",5]]:[]:1
[00:56:40:977627 --4:00] [Thread 4272] extDB2: SQL_CUSTOM_V2: Trace: UniqueID: 1 Result: [1,[]]
[00:56:40:979628 --4:00] [Thread 12872] extDB2: SQL_CUSTOM_V2: Trace: UniqueID: 1 Result: [1,[]]
[00:56:41:914096 --4:00] [Thread 6344] extDB2: Input from Server: 1:928064:setAccountMoney:6.96931e+007:76561198116813162
[00:56:41:914096 --4:00] [Thread 6344] extDB2: Output to Server: 
[00:56:41:914096 --4:00] [Thread 12872] extDB2: SQL_CUSTOM_V2: Trace: UniqueID: 1 Input: setAccountMoney:6.96931e+007:76561198116813162
[00:56:41:915096 --4:00] [Thread 6344] extDB2: Input from Server: 1:928064:updatePlayer:(BurBan)Derek:1:0.122047:0:77.2674:65.6154:0:1:0:0.122047:0.122047:0.122047:0.122047:201.885:14569.5:16766.8:0.12644:["ItemMap","ItemCompass","Exile_Item_XM8","ItemRadio","NVGoggles_OPFOR"]:B_Carryall_oucamo:[]:[]:[]:srifle_GM6_F:G_Squares_Tinted:["","","",""]::H_HelmetLeaderO_oucamo::[["5Rnd_127x108_APDS_Mag",5]]:srifle_GM6_F:["","","optic_Nightstalker",""]::["","","",""]:U_B_SpecopsUniform_sgg:[]:[["Exile_Item_PlasticBottleFreshWater",1],["30Rnd_65x39_caseless_green",30],["30Rnd_556x45_Stanag_Tracer_Red",3],["30Rnd_556x45_Stanag_Tracer_Red",30]]:[]:V_PlateCarrierIAGL_oli:[["optic_KHS_blk",1]]:[["Exile_Item_InstaDoc",1],["Exile_Item_InstaDoc",1],["5Rnd_127x108_APDS_Mag",5],["5Rnd_127x108_APDS_Mag",5],["5Rnd_127x108_APDS_Mag",5],["5Rnd_127x108_APDS_Mag",5]]:[]:1
[00:56:41:915096 --4:00] [Thread 6344] extDB2: Output to Server: 
[00:56:41:915096 --4:00] [Thread 4272] extDB2: SQL_CUSTOM_V2: Trace: UniqueID: 1 Input: updatePlayer:(BurBan)Derek:1:0.122047:0:77.2674:65.6154:0:1:0:0.122047:0.122047:0.122047:0.122047:201.885:14569.5:16766.8:0.12644:["ItemMap","ItemCompass","Exile_Item_XM8","ItemRadio","NVGoggles_OPFOR"]:B_Carryall_oucamo:[]:[]:[]:srifle_GM6_F:G_Squares_Tinted:["","","",""]::H_HelmetLeaderO_oucamo::[["5Rnd_127x108_APDS_Mag",5]]:srifle_GM6_F:["","","optic_Nightstalker",""]::["","","",""]:U_B_SpecopsUniform_sgg:[]:[["Exile_Item_PlasticBottleFreshWater",1],["30Rnd_65x39_caseless_green",30],["30Rnd_556x45_Stanag_Tracer_Red",3],["30Rnd_556x45_Stanag_Tracer_Red",30]]:[]:V_PlateCarrierIAGL_oli:[["optic_KHS_blk",1]]:[["Exile_Item_InstaDoc",1],["Exile_Item_InstaDoc",1],["5Rnd_127x108_APDS_Mag",5],["5Rnd_127x108_APDS_Mag",5],["5Rnd_127x108_APDS_Mag",5],["5Rnd_127x108_APDS_Mag",5]]:[]:1
[00:56:41:918098 --4:00] [Thread 12872] extDB2: SQL_CUSTOM_V2: Trace: UniqueID: 1 Result: [1,[]]
[00:56:41:919098 --4:00] [Thread 4272] extDB2: SQL_CUSTOM_V2: Trace: UniqueID: 1 Result: [1,[]]
[00:56:42:661470 --4:00] [Thread 6344] extDB2: Input from Server: 1:928064:setAccountMoney:6.9693e+007:76561198116813162
[00:56:42:661470 --4:00] [Thread 6344] extDB2: Output to Server: 
[00:56:42:661470 --4:00] [Thread 4272] extDB2: SQL_CUSTOM_V2: Trace: UniqueID: 1 Input: setAccountMoney:6.9693e+007:76561198116813162
[00:56:42:662470 --4:00] [Thread 6344] extDB2: Input from Server: 1:928064:updatePlayer:(BurBan)Derek:1:0.122047:0:77.2674:65.6154:0:1:0:0.122047:0.122047:0.122047:0.122047:201.885:14569.5:16766.8:0.12644:["ItemMap","ItemCompass","Exile_Item_XM8","ItemRadio","NVGoggles_OPFOR"]:B_Carryall_oucamo:[]:[]:[]:srifle_GM6_F:G_Squares_Tinted:["","","",""]::H_HelmetLeaderO_oucamo::[["5Rnd_127x108_APDS_Mag",5]]:srifle_GM6_F:["","","optic_Nightstalker",""]::["","","",""]:U_B_SpecopsUniform_sgg:[]:[["Exile_Item_PlasticBottleFreshWater",1],["30Rnd_65x39_caseless_green",30],["30Rnd_556x45_Stanag_Tracer_Red",3],["30Rnd_556x45_Stanag_Tracer_Red",30]]:[]:V_PlateCarrierIAGL_oli:[["optic_KHS_blk",1]]:[["Exile_Item_InstaDoc",1],["Exile_Item_InstaDoc",1],["5Rnd_127x108_APDS_Mag",5],["5Rnd_127x108_APDS_Mag",5],["5Rnd_127x108_APDS_Mag",5],["5Rnd_127x108_APDS_Mag",5],["5Rnd_127x108_APDS_Mag",5]]:[]:1
[00:56:42:662470 --4:00] [Thread 6344] extDB2: Output to Server: 
[00:56:42:662470 --4:00] [Thread 12872] extDB2: SQL_CUSTOM_V2: Trace: UniqueID: 1 Input: updatePlayer:(BurBan)Derek:1:0.122047:0:77.2674:65.6154:0:1:0:0.122047:0.122047:0.122047:0.122047:201.885:14569.5:16766.8:0.12644:["ItemMap","ItemCompass","Exile_Item_XM8","ItemRadio","NVGoggles_OPFOR"]:B_Carryall_oucamo:[]:[]:[]:srifle_GM6_F:G_Squares_Tinted:["","","",""]::H_HelmetLeaderO_oucamo::[["5Rnd_127x108_APDS_Mag",5]]:srifle_GM6_F:["","","optic_Nightstalker",""]::["","","",""]:U_B_SpecopsUniform_sgg:[]:[["Exile_Item_PlasticBottleFreshWater",1],["30Rnd_65x39_caseless_green",30],["30Rnd_556x45_Stanag_Tracer_Red",3],["30Rnd_556x45_Stanag_Tracer_Red",30]]:[]:V_PlateCarrierIAGL_oli:[["optic_KHS_blk",1]]:[["Exile_Item_InstaDoc",1],["Exile_Item_InstaDoc",1],["5Rnd_127x108_APDS_Mag",5],["5Rnd_127x108_APDS_Mag",5],["5Rnd_127x108_APDS_Mag",5],["5Rnd_127x108_APDS_Mag",5],["5Rnd_127x108_APDS_Mag",5]]:[]:1
[00:56:42:665472 --4:00] [Thread 4272] extDB2: SQL_CUSTOM_V2: Trace: UniqueID: 1 Result: [1,[]]
[00:56:42:667473 --4:00] [Thread 12872] extDB2: SQL_CUSTOM_V2: Trace: UniqueID: 1 Result: [1,[]]
[00:56:43:342811 --4:00] [Thread 6344] extDB2: Input from Server: 1:928064:setAccountMoney:6.9693e+007:76561198116813162
[00:56:43:342811 --4:00] [Thread 6344] extDB2: Output to Server: 
[00:56:43:342811 --4:00] [Thread 12872] extDB2: SQL_CUSTOM_V2: Trace: UniqueID: 1 Input: setAccountMoney:6.9693e+007:76561198116813162
[00:56:43:343812 --4:00] [Thread 6344] extDB2: Input from Server: 1:928064:updatePlayer:(BurBan)Derek:1:0.122047:0:77.2674:65.6154:0:1:0:0.122047:0.122047:0.122047:0.122047:201.885:14569.5:16766.8:0.12644:["ItemMap","ItemCompass","Exile_Item_XM8","ItemRadio","NVGoggles_OPFOR"]:B_Carryall_oucamo:[]:[["5Rnd_127x108_APDS_Mag",5]]:[]:srifle_GM6_F:G_Squares_Tinted:["","","",""]::H_HelmetLeaderO_oucamo::[["5Rnd_127x108_APDS_Mag",5]]:srifle_GM6_F:["","","optic_Nightstalker",""]::["","","",""]:U_B_SpecopsUniform_sgg:[]:[["Exile_Item_PlasticBottleFreshWater",1],["30Rnd_65x39_caseless_green",30],["30Rnd_556x45_Stanag_Tracer_Red",3],["30Rnd_556x45_Stanag_Tracer_Red",30]]:[]:V_PlateCarrierIAGL_oli:[["optic_KHS_blk",1]]:[["Exile_Item_InstaDoc",1],["Exile_Item_InstaDoc",1],["5Rnd_127x108_APDS_Mag",5],["5Rnd_127x108_APDS_Mag",5],["5Rnd_127x108_APDS_Mag",5],["5Rnd_127x108_APDS_Mag",5],["5Rnd_127x108_APDS_Mag",5]]:[]:1
[00:56:43:343812 --4:00] [Thread 6344] extDB2: Output to Server: 
[00:56:43:343812 --4:00] [Thread 4272] extDB2: SQL_CUSTOM_V2: Trace: UniqueID: 1 Input: updatePlayer:(BurBan)Derek:1:0.122047:0:77.2674:65.6154:0:1:0:0.122047:0.122047:0.122047:0.122047:201.885:14569.5:16766.8:0.12644:["ItemMap","ItemCompass","Exile_Item_XM8","ItemRadio","NVGoggles_OPFOR"]:B_Carryall_oucamo:[]:[["5Rnd_127x108_APDS_Mag",5]]:[]:srifle_GM6_F:G_Squares_Tinted:["","","",""]::H_HelmetLeaderO_oucamo::[["5Rnd_127x108_APDS_Mag",5]]:srifle_GM6_F:["","","optic_Nightstalker",""]::["","","",""]:U_B_SpecopsUniform_sgg:[]:[["Exile_Item_PlasticBottleFreshWater",1],["30Rnd_65x39_caseless_green",30],["30Rnd_556x45_Stanag_Tracer_Red",3],["30Rnd_556x45_Stanag_Tracer_Red",30]]:[]:V_PlateCarrierIAGL_oli:[["optic_KHS_blk",1]]:[["Exile_Item_InstaDoc",1],["Exile_Item_InstaDoc",1],["5Rnd_127x108_APDS_Mag",5],["5Rnd_127x108_APDS_Mag",5],["5Rnd_127x108_APDS_Mag",5],["5Rnd_127x108_APDS_Mag",5],["5Rnd_127x108_APDS_Mag",5]]:[]:1
[00:56:43:345813 --4:00] [Thread 12872] extDB2: SQL_CUSTOM_V2: Trace: UniqueID: 1 Result: [1,[]]
[00:56:43:347813 --4:00] [Thread 4272] extDB2: SQL_CUSTOM_V2: Trace: UniqueID: 1 Result: [1,[]]
[00:56:45:808045 --4:00] [Thread 6344] extDB2: Input from Server: 1:928064:setAccountMoney:6.96929e+007:76561198116813162
[00:56:45:808045 --4:00] [Thread 6344] extDB2: Output to Server: 
[00:56:45:808045 --4:00] [Thread 4272] extDB2: SQL_CUSTOM_V2: Trace: UniqueID: 1 Input: setAccountMoney:6.96929e+007:76561198116813162
[00:56:45:809046 --4:00] [Thread 6344] extDB2: Input from Server: 1:928064:updatePlayer:(BurBan)Derek:1:0.122047:0:77.2674:65.6154:0:1:0:0.122047:0.122047:0.122047:0.122047:201.885:14569.5:16766.8:0.12644:["ItemMap","ItemCompass","Exile_Item_XM8","ItemRadio","NVGoggles_OPFOR"]:B_Carryall_oucamo:[]:[["5Rnd_127x108_APDS_Mag",5],["5Rnd_127x108_APDS_Mag",5]]:[]:srifle_GM6_F:G_Squares_Tinted:["","","",""]::H_HelmetLeaderO_oucamo::[["5Rnd_127x108_APDS_Mag",5]]:srifle_GM6_F:["","","optic_Nightstalker",""]::["","","",""]:U_B_SpecopsUniform_sgg:[]:[["Exile_Item_PlasticBottleFreshWater",1],["30Rnd_65x39_caseless_green",30],["30Rnd_556x45_Stanag_Tracer_Red",3],["30Rnd_556x45_Stanag_Tracer_Red",30]]:[]:V_PlateCarrierIAGL_oli:[["optic_KHS_blk",1]]:[["Exile_Item_InstaDoc",1],["Exile_Item_InstaDoc",1],["5Rnd_127x108_APDS_Mag",5],["5Rnd_127x108_APDS_Mag",5],["5Rnd_127x108_APDS_Mag",5],["5Rnd_127x108_APDS_Mag",5],["5Rnd_127x108_APDS_Mag",5]]:[]:1
[00:56:45:809046 --4:00] [Thread 6344] extDB2: Output to Server: 
[00:56:45:809046 --4:00] [Thread 12872] extDB2: SQL_CUSTOM_V2: Trace: UniqueID: 1 Input: updatePlayer:(BurBan)Derek:1:0.122047:0:77.2674:65.6154:0:1:0:0.122047:0.122047:0.122047:0.122047:201.885:14569.5:16766.8:0.12644:["ItemMap","ItemCompass","Exile_Item_XM8","ItemRadio","NVGoggles_OPFOR"]:B_Carryall_oucamo:[]:[["5Rnd_127x108_APDS_Mag",5],["5Rnd_127x108_APDS_Mag",5]]:[]:srifle_GM6_F:G_Squares_Tinted:["","","",""]::H_HelmetLeaderO_oucamo::[["5Rnd_127x108_APDS_Mag",5]]:srifle_GM6_F:["","","optic_Nightstalker",""]::["","","",""]:U_B_SpecopsUniform_sgg:[]:[["Exile_Item_PlasticBottleFreshWater",1],["30Rnd_65x39_caseless_green",30],["30Rnd_556x45_Stanag_Tracer_Red",3],["30Rnd_556x45_Stanag_Tracer_Red",30]]:[]:V_PlateCarrierIAGL_oli:[["optic_KHS_blk",1]]:[["Exile_Item_InstaDoc",1],["Exile_Item_InstaDoc",1],["5Rnd_127x108_APDS_Mag",5],["5Rnd_127x108_APDS_Mag",5],["5Rnd_127x108_APDS_Mag",5],["5Rnd_127x108_APDS_Mag",5],["5Rnd_127x108_APDS_Mag",5]]:[]:1
[00:56:45:818050 --4:00] [Thread 4272] extDB2: SQL_CUSTOM_V2: Trace: UniqueID: 1 Result: [1,[]]
[00:56:45:819051 --4:00] [Thread 12872] extDB2: SQL_CUSTOM_V2: Trace: UniqueID: 1 Result: [1,[]]
[00:57:31:122730 --4:00] [Thread 6344] extDB2: Input from Server: 0:928064:insertVehicle:Exile_Plane_Cessna:76561198116813162:0:14727.6:16622.3:1.1962:-0.357533:-0.9339:0:0:0:1:0000
[00:57:31:122730 --4:00] [Thread 6344] extDB2: SQL_CUSTOM_V2: Trace: UniqueID: 1 Input: insertVehicle:Exile_Plane_Cessna:76561198116813162:0:14727.6:16622.3:1.1962:-0.357533:-0.9339:0:0:0:1:0000
[00:57:31:126732 --4:00] [Thread 6344] extDB2: SQL_CUSTOM_V2: Trace: UniqueID: 1 Result: [1,[1,[]]]
[00:57:31:126732 --4:00] [Thread 6344] extDB2: Output to Server: [1,[1,[]]]
[00:57:31:127733 --4:00] [Thread 6344] extDB2: Input from Server: 1:928064:updateVehicle:0:1:0:[["HitHull",0]]:14727.6:16622.3:1.1962:-0.357533:-0.9339:0:0:0:1:[[],[]]:[]:[]:[]:1
[00:57:31:127733 --4:00] [Thread 6344] extDB2: Output to Server: 
[00:57:31:127733 --4:00] [Thread 12872] extDB2: SQL_CUSTOM_V2: Trace: UniqueID: 1 Input: updateVehicle:0:1:0:[["HitHull",0]]:14727.6:16622.3:1.1962:-0.357533:-0.9339:0:0:0:1:[[],[]]:[]:[]:[]:1
[00:57:31:127733 --4:00] [Thread 6344] extDB2: Input from Server: 1:928064:setAccountMoney:6.96889e+007:76561198116813162
[00:57:31:127733 --4:00] [Thread 6344] extDB2: Output to Server: 
[00:57:31:127733 --4:00] [Thread 4272] extDB2: SQL_CUSTOM_V2: Trace: UniqueID: 1 Input: setAccountMoney:6.96889e+007:76561198116813162
[00:57:31:129734 --4:00] [Thread 4272] extDB2: SQL_CUSTOM_V2: Trace: UniqueID: 1 Result: [1,[]]
[00:57:31:131735 --4:00] [Thread 12872] extDB2: SQL_CUSTOM_V2: Trace: UniqueID: 1 Result: [1,[]]
[00:58:01:751064 --4:00] [Thread 6344] extDB2: Input from Server: 1:928064:updatePlayer:(BurBan)Derek:1:0.433071:0:71.6275:57.0506:0:1:0:0.433071:0.433071:0.433071:0.433071:227.284:14689.6:16393.9:1.04187:["ItemMap","ItemCompass","Exile_Item_XM8","ItemRadio","NVGoggles_OPFOR"]:B_Carryall_oucamo:[]:[["5Rnd_127x108_APDS_Mag",5],["5Rnd_127x108_APDS_Mag",5],["5Rnd_127x108_APDS_Mag",5]]:[]:srifle_GM6_F:G_Squares_Tinted:["","","",""]::H_HelmetLeaderO_oucamo::[["5Rnd_127x108_APDS_Mag",5]]:srifle_GM6_F:["","","optic_Nightstalker",""]::["","","",""]:U_B_SpecopsUniform_sgg:[]:[["Exile_Item_PlasticBottleFreshWater",1],["30Rnd_65x39_caseless_green",30],["30Rnd_556x45_Stanag_Tracer_Red",3],["30Rnd_556x45_Stanag_Tracer_Red",30]]:[]:V_PlateCarrierIAGL_oli:[["optic_KHS_blk",1]]:[["Exile_Item_InstaDoc",1],["Exile_Item_InstaDoc",1],["5Rnd_127x108_APDS_Mag",5],["5Rnd_127x108_APDS_Mag",5],["5Rnd_127x108_APDS_Mag",5],["5Rnd_127x108_APDS_Mag",5],["5Rnd_127x108_APDS_Mag",5]]:[]:1
[00:58:01:751064 --4:00] [Thread 6344] extDB2: Output to Server: 
[00:58:01:751064 --4:00] [Thread 12872] extDB2: SQL_CUSTOM_V2: Trace: UniqueID: 1 Input: updatePlayer:(BurBan)Derek:1:0.433071:0:71.6275:57.0506:0:1:0:0.433071:0.433071:0.433071:0.433071:227.284:14689.6:16393.9:1.04187:["ItemMap","ItemCompass","Exile_Item_XM8","ItemRadio","NVGoggles_OPFOR"]:B_Carryall_oucamo:[]:[["5Rnd_127x108_APDS_Mag",5],["5Rnd_127x108_APDS_Mag",5],["5Rnd_127x108_APDS_Mag",5]]:[]:srifle_GM6_F:G_Squares_Tinted:["","","",""]::H_HelmetLeaderO_oucamo::[["5Rnd_127x108_APDS_Mag",5]]:srifle_GM6_F:["","","optic_Nightstalker",""]::["","","",""]:U_B_SpecopsUniform_sgg:[]:[["Exile_Item_PlasticBottleFreshWater",1],["30Rnd_65x39_caseless_green",30],["30Rnd_556x45_Stanag_Tracer_Red",3],["30Rnd_556x45_Stanag_Tracer_Red",30]]:[]:V_PlateCarrierIAGL_oli:[["optic_KHS_blk",1]]:[["Exile_Item_InstaDoc",1],["Exile_Item_InstaDoc",1],["5Rnd_127x108_APDS_Mag",5],["5Rnd_127x108_APDS_Mag",5],["5Rnd_127x108_APDS_Mag",5],["5Rnd_127x108_APDS_Mag",5],["5Rnd_127x108_APDS_Mag",5]]:[]:1
[00:58:01:756066 --4:00] [Thread 12872] extDB2: SQL_CUSTOM_V2: Trace: UniqueID: 1 Result: [1,[]]
[01:01:08:331469 --4:00] [Thread 6344] extDB2: Input from Server: 1:928064:updateVehicle:0:0.952994:0.38189:[["HitHull",0]]:18876.9:15602.6:-0.00473022:0.987915:0.0126422:0.15448:-0.15492:0.0491851:0.986702:[[],[]]:[]:[]:[]:1
[01:01:08:331469 --4:00] [Thread 6344] extDB2: Output to Server: 
[01:01:08:331469 --4:00] [Thread 12872] extDB2: SQL_CUSTOM_V2: Trace: UniqueID: 1 Input: updateVehicle:0:0.952994:0.38189:[["HitHull",0]]:18876.9:15602.6:-0.00473022:0.987915:0.0126422:0.15448:-0.15492:0.0491851:0.986702:[[],[]]:[]:[]:[]:1
[01:01:08:335471 --4:00] [Thread 12872] extDB2: SQL_CUSTOM_V2: Trace: UniqueID: 1 Result: [1,[]]
[01:01:43:946299 --4:00] [Thread 6344] extDB2: Input from Server: 1:928064:setAccountMoneyAndRespect:6.9689e+007:6.9697e+007:76561198116813162
[01:01:43:946299 --4:00] [Thread 6344] extDB2: Output to Server: 
[01:01:43:946299 --4:00] [Thread 12872] extDB2: SQL_CUSTOM_V2: Trace: UniqueID: 1 Input: setAccountMoneyAndRespect:6.9689e+007:6.9697e+007:76561198116813162
[01:01:43:950300 --4:00] [Thread 12872] extDB2: SQL_CUSTOM_V2: Trace: UniqueID: 1 Result: [1,[]]
[01:02:04:256466 --4:00] [Thread 6344] extDB2: Input from Server: 1:928064:killPlayer:1
[01:02:04:256466 --4:00] [Thread 6344] extDB2: Output to Server: 
[01:02:04:256466 --4:00] [Thread 12872] extDB2: SQL_CUSTOM_V2: Trace: UniqueID: 1 Input: killPlayer:1
[01:02:04:256466 --4:00] [Thread 6344] extDB2: Input from Server: 1:928064:addAccountDeath:76561198116813162
[01:02:04:256466 --4:00] [Thread 6344] extDB2: Output to Server: 
[01:02:04:256466 --4:00] [Thread 4272] extDB2: SQL_CUSTOM_V2: Trace: UniqueID: 1 Input: addAccountDeath:76561198116813162
[01:02:04:266472 --4:00] [Thread 12872] extDB2: SQL_CUSTOM_V2: Trace: UniqueID: 1 Result: [1,[]]
[01:02:04:268473 --4:00] [Thread 4272] extDB2: SQL_CUSTOM_V2: Trace: UniqueID: 1 Result: [1,[]]
[01:02:12:642664 --4:00] [Thread 6344] extDB2: Input from Server: 1:928064:endAccountSession:76561198116813162
[01:02:12:642664 --4:00] [Thread 6344] extDB2: Output to Server: 
[01:02:12:642664 --4:00] [Thread 4272] extDB2: SQL_CUSTOM_V2: Trace: UniqueID: 1 Input: endAccountSession:76561198116813162
[01:02:12:647667 --4:00] [Thread 4272] extDB2: SQL_CUSTOM_V2: Trace: UniqueID: 1 Result: [1,[]]
